2026/03/07 12:01:702635 DEBUG EventLoop createdtruein thread5186 - EventLoop.cc:53
2026/03/07 12:01:702851 INFO  func =>fd5events=3index=-1 - EPollPoller.cc:66
2026/03/07 12:01:706830 DEBUG EventLoop createdtruein thread5191 - EventLoop.cc:53
2026/03/07 12:01:706878 INFO  func =>fd8events=3index=-1 - EPollPoller.cc:66
2026/03/07 12:01:707000 INFO  EventLoop start looping - EventLoop.cc:82
2026/03/07 12:01:707029 INFO  fd total count:1 - EPollPoller.cc:32
2026/03/07 12:01:710394 DEBUG EventLoop createdtruein thread5192 - EventLoop.cc:53
2026/03/07 12:01:710442 INFO  func =>fd10events=3index=-1 - EPollPoller.cc:66
2026/03/07 12:01:710534 INFO  EventLoop start looping - EventLoop.cc:82
2026/03/07 12:01:710557 INFO  fd total count:1 - EPollPoller.cc:32
2026/03/07 12:01:711254 DEBUG EventLoop createdtruein thread5193 - EventLoop.cc:53
2026/03/07 12:01:711329 INFO  func =>fd12events=3index=-1 - EPollPoller.cc:66
2026/03/07 12:01:711430 INFO  EventLoop start looping - EventLoop.cc:82
2026/03/07 12:01:711452 INFO  fd total count:1 - EPollPoller.cc:32
2026/03/07 12:01:711556 INFO  func =>fd6events=3index=-1 - EPollPoller.cc:66
2026/03/07 12:01:711938 INFO  EventLoop start looping - EventLoop.cc:82
2026/03/07 12:01:711967 INFO  fd total count:2 - EPollPoller.cc:32
2026/03/07 12:01:714509 DEBUG timeout! - EPollPoller.cc:49
2026/03/07 12:01:714674 INFO  fd total count:1 - EPollPoller.cc:32
2026/03/07 12:01:719361 DEBUG timeout! - EPollPoller.cc:49
2026/03/07 12:01:719437 INFO  fd total count:1 - EPollPoller.cc:32
2026/03/07 12:01:719475 DEBUG timeout! - EPollPoller.cc:49
2026/03/07 12:01:719491 INFO  fd total count:1 - EPollPoller.cc:32
2026/03/07 12:01:730671 DEBUG timeout! - EPollPoller.cc:49
2026/03/07 12:01:730766 INFO  fd total count:2 - EPollPoller.cc:32
2026/03/07 12:01:725853 DEBUG timeout! - EPollPoller.cc:49
2026/03/07 12:01:725924 INFO  fd total count:1 - EPollPoller.cc:32
2026/03/07 12:01:725943 DEBUG timeout! - EPollPoller.cc:49
2026/03/07 12:01:725947 INFO  fd total count:1 - EPollPoller.cc:32
2026/03/07 12:01:725953 DEBUG timeout! - EPollPoller.cc:49
2026/03/07 12:01:725957 INFO  fd total count:1 - EPollPoller.cc:32
2026/03/07 12:01:737825 DEBUG timeout! - EPollPoller.cc:49
2026/03/07 12:01:737896 INFO  fd total count:2 - EPollPoller.cc:32
2026/03/07 12:01:733806 DEBUG timeout! - EPollPoller.cc:49
2026/03/07 12:01:733907 INFO  fd total count:1 - EPollPoller.cc:32
2026/03/07 12:01:733947 DEBUG timeout! - EPollPoller.cc:49
2026/03/07 12:01:733962 INFO  fd total count:1 - EPollPoller.cc:32
2026/03/07 12:01:733984 DEBUG timeout! - EPollPoller.cc:49
2026/03/07 12:01:733997 INFO  fd total count:1 - EPollPoller.cc:32
2026/03/07 12:01:746706 DEBUG timeout! - EPollPoller.cc:49
2026/03/07 12:01:746783 INFO  fd total count:2 - EPollPoller.cc:32
2026/03/07 12:01:744765 DEBUG timeout! - EPollPoller.cc:49
2026/03/07 12:01:744856 INFO  fd total count:1 - EPollPoller.cc:32
2026/03/07 12:01:744900 DEBUG timeout! - EPollPoller.cc:49
2026/03/07 12:01:744916 INFO  fd total count:1 - EPollPoller.cc:32
2026/03/07 12:01:744939 DEBUG timeout! - EPollPoller.cc:49
2026/03/07 12:01:744958 INFO  fd total count:1 - EPollPoller.cc:32
2026/03/07 12:01:756230 DEBUG timeout! - EPollPoller.cc:49
2026/03/07 12:01:756324 INFO  fd total count:2 - EPollPoller.cc:32
2026/03/07 12:01:755515 DEBUG timeout! - EPollPoller.cc:49
2026/03/07 12:01:755599 INFO  fd total count:1 - EPollPoller.cc:32
2026/03/07 12:01:755638 DEBUG timeout! - EPollPoller.cc:49
2026/03/07 12:01:755654 INFO  fd total count:1 - EPollPoller.cc:32
2026/03/07 12:01:755675 DEBUG timeout! - EPollPoller.cc:49
2026/03/07 12:01:755688 INFO  fd total count:1 - EPollPoller.cc:32
2026/03/07 12:01:766765 DEBUG timeout! - EPollPoller.cc:49
2026/03/07 12:01:766839 INFO  fd total count:2 - EPollPoller.cc:32
2026/03/07 12:01:828163 INFO  events happend1 - EPollPoller.cc:40
2026/03/07 12:01:828489 INFO  channel handleEvent revents:1 - Channel.cc:73
2026/03/07 12:01:828975 INFO  TcpServer::newConnection [HttpServer]- new connection [HttpServer-127.0.0.1:8080#1]from 127.0.0.1:36706 - TcpServer.cc:215
2026/03/07 12:01:829238 INFO  TcpConnection::ctor:[HttpServer-127.0.0.1:8080#1]at fd=13 - TcpConnection.cc:52
2026/03/07 12:01:829838 INFO  events happend1 - EPollPoller.cc:40
2026/03/07 12:01:829863 INFO  channel handleEvent revents:1 - Channel.cc:73
2026/03/07 12:01:829889 INFO  fd total count:2 - EPollPoller.cc:32
2026/03/07 12:01:829945 INFO  func =>fd13events=3index=-1 - EPollPoller.cc:66
2026/03/07 12:01:830001 INFO  New HTTP connection from 127.0.0.1:36706 - HttpServer.cc:38
2026/03/07 12:01:830101 INFO  fd total count:2 - EPollPoller.cc:32
2026/03/07 12:01:843357 INFO  events happend1 - EPollPoller.cc:40
2026/03/07 12:01:843511 INFO  channel handleEvent revents:1 - Channel.cc:73
2026/03/07 12:01:844639 WARN  Static file not found: ./www/index.html - StaticFileHandler.cc:42
2026/03/07 12:01:845061 INFO  fd total count:2 - EPollPoller.cc:32
2026/03/07 12:01:308521 INFO  events happend1 - EPollPoller.cc:40
2026/03/07 12:01:308611 INFO  channel handleEvent revents:1 - Channel.cc:73
2026/03/07 12:01:308794 WARN  Static file not found: ./www/favicon.ico - StaticFileHandler.cc:42
2026/03/07 12:01:308917 INFO  fd total count:2 - EPollPoller.cc:32
2026/03/07 12:02:765832 DEBUG timeout! - EPollPoller.cc:49
2026/03/07 12:02:765924 INFO  fd total count:1 - EPollPoller.cc:32
2026/03/07 12:02:765963 DEBUG timeout! - EPollPoller.cc:49
2026/03/07 12:02:765978 INFO  fd total count:1 - EPollPoller.cc:32
2026/03/07 12:02:839029 DEBUG timeout! - EPollPoller.cc:49
2026/03/07 12:02:839177 INFO  fd total count:2 - EPollPoller.cc:32
2026/03/07 12:02:319537 DEBUG timeout! - EPollPoller.cc:49
2026/03/07 12:02:319788 INFO  fd total count:2 - EPollPoller.cc:32
2026/03/07 12:02:776209 DEBUG timeout! - EPollPoller.cc:49
2026/03/07 12:02:776297 INFO  fd total count:1 - EPollPoller.cc:32
2026/03/07 12:02:776342 DEBUG timeout! - EPollPoller.cc:49
2026/03/07 12:02:776359 INFO  fd total count:1 - EPollPoller.cc:32
2026/03/07 12:02:846551 DEBUG timeout! - EPollPoller.cc:49
2026/03/07 12:02:846659 INFO  fd total count:2 - EPollPoller.cc:32
2026/03/07 12:02:330332 DEBUG timeout! - EPollPoller.cc:49
2026/03/07 12:02:330430 INFO  fd total count:2 - EPollPoller.cc:32
2026/03/07 12:02:786439 DEBUG timeout! - EPollPoller.cc:49
2026/03/07 12:02:786545 INFO  fd total count:1 - EPollPoller.cc:32
2026/03/07 12:02:786515 DEBUG timeout! - EPollPoller.cc:49
2026/03/07 12:02:786592 INFO  fd total count:1 - EPollPoller.cc:32
2026/03/07 12:02:854315 DEBUG timeout! - EPollPoller.cc:49
2026/03/07 12:02:854419 INFO  fd total count:2 - EPollPoller.cc:32
2026/03/07 12:02:334847 DEBUG timeout! - EPollPoller.cc:49
2026/03/07 12:02:334952 INFO  fd total count:2 - EPollPoller.cc:32
2026/03/07 12:02:790274 DEBUG timeout! - EPollPoller.cc:49
2026/03/07 12:02:790378 INFO  fd total count:1 - EPollPoller.cc:32
2026/03/07 12:02:794833 DEBUG timeout! - EPollPoller.cc:49
2026/03/07 12:02:794908 INFO  fd total count:1 - EPollPoller.cc:32
2026/03/07 12:02:861785 DEBUG timeout! - EPollPoller.cc:49
2026/03/07 12:02:861849 INFO  fd total count:2 - EPollPoller.cc:32
2026/03/07 12:02:342375 DEBUG timeout! - EPollPoller.cc:49
2026/03/07 12:02:342478 INFO  fd total count:2 - EPollPoller.cc:32
2026/03/07 12:02:209894 INFO  events happend1 - EPollPoller.cc:40
2026/03/07 12:02:209981 INFO  channel handleEvent revents:1 - Channel.cc:73
2026/03/07 12:02:210069 INFO  TcpServer::newConnection [HttpServer]- new connection [HttpServer-127.0.0.1:8080#2]from 127.0.0.1:59930 - TcpServer.cc:215
2026/03/07 12:02:210133 INFO  TcpConnection::ctor:[HttpServer-127.0.0.1:8080#2]at fd=14 - TcpConnection.cc:52
2026/03/07 12:02:210608 INFO  events happend1 - EPollPoller.cc:40
2026/03/07 12:02:210658 INFO  channel handleEvent revents:1 - Channel.cc:73
2026/03/07 12:02:210666 INFO  fd total count:2 - EPollPoller.cc:32
2026/03/07 12:02:210695 INFO  func =>fd14events=3index=-1 - EPollPoller.cc:66
2026/03/07 12:02:210745 INFO  New HTTP connection from 127.0.0.1:59930 - HttpServer.cc:38
2026/03/07 12:02:210914 INFO  fd total count:2 - EPollPoller.cc:32
2026/03/07 12:02:481331 INFO  events happend1 - EPollPoller.cc:40
2026/03/07 12:02:481416 INFO  channel handleEvent revents:1 - Channel.cc:73
2026/03/07 12:02:481728 WARN  Static file not found: ./www/index.html - StaticFileHandler.cc:42
2026/03/07 12:02:482010 INFO  fd total count:2 - EPollPoller.cc:32
2026/03/07 12:02:242420 INFO  events happend1 - EPollPoller.cc:40
2026/03/07 12:02:242515 INFO  channel handleEvent revents:1 - Channel.cc:73
2026/03/07 12:02:242709 WARN  Static file not found: ./www/favicon.ico - StaticFileHandler.cc:42
2026/03/07 12:02:242840 INFO  fd total count:2 - EPollPoller.cc:32
2026/03/07 12:02:797956 DEBUG timeout! - EPollPoller.cc:49
2026/03/07 12:02:798062 INFO  fd total count:1 - EPollPoller.cc:32
2026/03/07 12:02:294603 INFO  events happend1 - EPollPoller.cc:40
2026/03/07 12:02:294696 INFO  channel handleEvent revents:1 - Channel.cc:73
2026/03/07 12:02:294883 WARN  Static file not found: ./www/index.html - StaticFileHandler.cc:42
2026/03/07 12:02:295078 INFO  fd total count:2 - EPollPoller.cc:32
2026/03/07 12:02:352217 DEBUG timeout! - EPollPoller.cc:49
2026/03/07 12:02:352420 INFO  fd total count:2 - EPollPoller.cc:32
2026/03/07 12:02:218556 DEBUG timeout! - EPollPoller.cc:49
2026/03/07 12:02:218717 INFO  fd total count:2 - EPollPoller.cc:32
2026/03/07 12:02:809751 DEBUG timeout! - EPollPoller.cc:49
2026/03/07 12:02:809845 INFO  fd total count:1 - EPollPoller.cc:32
2026/03/07 12:02:304512 DEBUG timeout! - EPollPoller.cc:49
2026/03/07 12:02:304616 INFO  fd total count:2 - EPollPoller.cc:32
2026/03/07 12:02:363421 DEBUG timeout! - EPollPoller.cc:49
2026/03/07 12:02:363593 INFO  fd total count:2 - EPollPoller.cc:32
2026/03/07 12:03:226397 DEBUG timeout! - EPollPoller.cc:49
2026/03/07 12:03:226475 INFO  fd total count:2 - EPollPoller.cc:32
2026/03/07 12:03:820145 DEBUG timeout! - EPollPoller.cc:49
2026/03/07 12:03:820196 INFO  fd total count:1 - EPollPoller.cc:32
2026/03/07 12:03:311602 DEBUG timeout! - EPollPoller.cc:49
2026/03/07 12:03:311731 INFO  fd total count:2 - EPollPoller.cc:32
2026/03/07 12:03:374648 DEBUG timeout! - EPollPoller.cc:49
2026/03/07 12:03:374735 INFO  fd total count:2 - EPollPoller.cc:32
2026/03/07 12:03:237453 DEBUG timeout! - EPollPoller.cc:49
2026/03/07 12:03:237572 INFO  fd total count:2 - EPollPoller.cc:32
2026/03/07 12:03:830616 DEBUG timeout! - EPollPoller.cc:49
2026/03/07 12:03:830716 INFO  fd total count:1 - EPollPoller.cc:32
2026/03/07 12:03:323513 DEBUG timeout! - EPollPoller.cc:49
2026/03/07 12:03:323624 INFO  fd total count:2 - EPollPoller.cc:32
2026/03/07 12:03:382736 DEBUG timeout! - EPollPoller.cc:49
2026/03/07 12:03:382854 INFO  fd total count:2 - EPollPoller.cc:32
2026/03/07 12:03:247790 DEBUG timeout! - EPollPoller.cc:49
2026/03/07 12:03:247912 INFO  fd total count:2 - EPollPoller.cc:32
2026/03/07 12:03:842110 DEBUG timeout! - EPollPoller.cc:49
2026/03/07 12:03:842201 INFO  fd total count:1 - EPollPoller.cc:32
2026/03/07 12:03:334322 DEBUG timeout! - EPollPoller.cc:49
2026/03/07 12:03:334425 INFO  fd total count:2 - EPollPoller.cc:32
2026/03/07 12:03:390055 DEBUG timeout! - EPollPoller.cc:49
2026/03/07 12:03:390104 INFO  fd total count:2 - EPollPoller.cc:32
2026/03/07 12:03:257956 DEBUG timeout! - EPollPoller.cc:49
2026/03/07 12:03:258308 INFO  fd total count:2 - EPollPoller.cc:32
2026/03/07 12:03:851174 DEBUG timeout! - EPollPoller.cc:49
2026/03/07 12:03:851259 INFO  fd total count:1 - EPollPoller.cc:32
2026/03/07 12:03:342040 DEBUG timeout! - EPollPoller.cc:49
2026/03/07 12:03:342144 INFO  fd total count:2 - EPollPoller.cc:32
2026/03/07 12:03:398773 DEBUG timeout! - EPollPoller.cc:49
2026/03/07 12:03:398862 INFO  fd total count:2 - EPollPoller.cc:32
2026/03/07 12:03:266009 DEBUG timeout! - EPollPoller.cc:49
2026/03/07 12:03:266121 INFO  fd total count:2 - EPollPoller.cc:32
2026/03/07 12:03:860650 DEBUG timeout! - EPollPoller.cc:49
2026/03/07 12:03:860718 INFO  fd total count:1 - EPollPoller.cc:32
2026/03/07 12:03:350987 DEBUG timeout! - EPollPoller.cc:49
2026/03/07 12:03:351096 INFO  fd total count:2 - EPollPoller.cc:32
2026/03/07 12:03:406242 DEBUG timeout! - EPollPoller.cc:49
2026/03/07 12:03:406376 INFO  fd total count:2 - EPollPoller.cc:32
2026/03/07 12:03:219384 INFO  events happend1 - EPollPoller.cc:40
2026/03/07 12:03:219487 INFO  channel handleEvent revents:1 - Channel.cc:73
2026/03/07 12:03:219552 INFO  TcpConnection::handleClose fd=13state=2 - TcpConnection.cc:249
2026/03/07 12:03:219579 INFO  func =>fd13events=0index=1 - EPollPoller.cc:66
2026/03/07 12:03:219772 INFO  Connection closed 127.0.0.1:36706 - HttpServer.cc:42
2026/03/07 12:03:220031 INFO  fd total count:2 - EPollPoller.cc:32
2026/03/07 12:03:220079 INFO  events happend1 - EPollPoller.cc:40
2026/03/07 12:03:220095 INFO  channel handleEvent revents:1 - Channel.cc:73
2026/03/07 12:03:220345 INFO  TcpServer::removeConnectionInLoop [HttpServer] - connection %sHttpServer-127.0.0.1:8080#1 - TcpServer.cc:261
2026/03/07 12:03:220484 INFO  fd total count:2 - EPollPoller.cc:32
2026/03/07 12:03:220519 INFO  events happend1 - EPollPoller.cc:40
2026/03/07 12:03:220532 INFO  channel handleEvent revents:1 - Channel.cc:73
2026/03/07 12:03:220612 INFO  removeChannel fd=13 - EPollPoller.cc:103
2026/03/07 12:03:220629 INFO  TcpConnection::dtor[HttpServer-127.0.0.1:8080#1]at fd=13state=0 - TcpConnection.cc:58
2026/03/07 12:03:220851 INFO  fd total count:1 - EPollPoller.cc:32
2026/03/07 12:03:870673 DEBUG timeout! - EPollPoller.cc:49
2026/03/07 12:03:870747 INFO  fd total count:1 - EPollPoller.cc:32
2026/03/07 12:03:358929 DEBUG timeout! - EPollPoller.cc:49
2026/03/07 12:03:359001 INFO  fd total count:2 - EPollPoller.cc:32
2026/03/07 12:03:230460 DEBUG timeout! - EPollPoller.cc:49
2026/03/07 12:03:230539 INFO  fd total count:2 - EPollPoller.cc:32
2026/03/07 12:03:230575 DEBUG timeout! - EPollPoller.cc:49
2026/03/07 12:03:230589 INFO  fd total count:1 - EPollPoller.cc:32
2026/03/07 12:04:880854 DEBUG timeout! - EPollPoller.cc:49
2026/03/07 12:04:880999 INFO  fd total count:1 - EPollPoller.cc:32
2026/03/07 12:04:366176 DEBUG timeout! - EPollPoller.cc:49
2026/03/07 12:04:366409 INFO  fd total count:2 - EPollPoller.cc:32
2026/03/07 12:04:238348 DEBUG timeout! - EPollPoller.cc:49
2026/03/07 12:04:238459 INFO  fd total count:2 - EPollPoller.cc:32
2026/03/07 12:04:238500 DEBUG timeout! - EPollPoller.cc:49
2026/03/07 12:04:238516 INFO  fd total count:1 - EPollPoller.cc:32
2026/03/07 12:04:889948 DEBUG timeout! - EPollPoller.cc:49
2026/03/07 12:04:890035 INFO  fd total count:1 - EPollPoller.cc:32
2026/03/07 12:04:374160 DEBUG timeout! - EPollPoller.cc:49
2026/03/07 12:04:374248 INFO  fd total count:2 - EPollPoller.cc:32
2026/03/07 12:04:246555 DEBUG timeout! - EPollPoller.cc:49
2026/03/07 12:04:246839 INFO  fd total count:2 - EPollPoller.cc:32
2026/03/07 12:04:246884 DEBUG timeout! - EPollPoller.cc:49
2026/03/07 12:04:246895 INFO  fd total count:1 - EPollPoller.cc:32
2026/03/07 12:04:897802 DEBUG timeout! - EPollPoller.cc:49
2026/03/07 12:04:897950 INFO  fd total count:1 - EPollPoller.cc:32
2026/03/07 12:04:382617 DEBUG timeout! - EPollPoller.cc:49
2026/03/07 12:04:382703 INFO  fd total count:2 - EPollPoller.cc:32
2026/03/07 12:04:256629 DEBUG timeout! - EPollPoller.cc:49
2026/03/07 12:04:256722 INFO  fd total count:2 - EPollPoller.cc:32
2026/03/07 12:04:256762 DEBUG timeout! - EPollPoller.cc:49
2026/03/07 12:04:256778 INFO  fd total count:1 - EPollPoller.cc:32
2026/03/07 12:04:907761 DEBUG timeout! - EPollPoller.cc:49
2026/03/07 12:04:907944 INFO  fd total count:1 - EPollPoller.cc:32
2026/03/07 12:04:390275 DEBUG timeout! - EPollPoller.cc:49
2026/03/07 12:04:390357 INFO  fd total count:2 - EPollPoller.cc:32
2026/03/07 12:04:238410 INFO  events happend1 - EPollPoller.cc:40
2026/03/07 12:04:238517 INFO  channel handleEvent revents:1 - Channel.cc:73
2026/03/07 12:04:238578 INFO  TcpConnection::handleClose fd=14state=2 - TcpConnection.cc:249
2026/03/07 12:04:238596 INFO  func =>fd14events=0index=1 - EPollPoller.cc:66
2026/03/07 12:04:238635 INFO  Connection closed 127.0.0.1:59930 - HttpServer.cc:42
2026/03/07 12:04:238735 INFO  fd total count:2 - EPollPoller.cc:32
2026/03/07 12:04:238935 INFO  events happend1 - EPollPoller.cc:40
2026/03/07 12:04:238977 INFO  channel handleEvent revents:1 - Channel.cc:73
2026/03/07 12:04:239009 INFO  TcpServer::removeConnectionInLoop [HttpServer] - connection %sHttpServer-127.0.0.1:8080#2 - TcpServer.cc:261
2026/03/07 12:04:239224 INFO  fd total count:2 - EPollPoller.cc:32
2026/03/07 12:04:239411 INFO  events happend1 - EPollPoller.cc:40
2026/03/07 12:04:239448 INFO  channel handleEvent revents:1 - Channel.cc:73
2026/03/07 12:04:239774 INFO  removeChannel fd=14 - EPollPoller.cc:103
2026/03/07 12:04:239805 INFO  TcpConnection::dtor[HttpServer-127.0.0.1:8080#2]at fd=14state=0 - TcpConnection.cc:58
2026/03/07 12:04:239961 INFO  fd total count:1 - EPollPoller.cc:32
2026/03/07 12:04:266304 DEBUG timeout! - EPollPoller.cc:49
2026/03/07 12:04:266407 INFO  fd total count:1 - EPollPoller.cc:32
2026/03/07 12:04:919016 DEBUG timeout! - EPollPoller.cc:49
2026/03/07 12:04:919122 INFO  fd total count:1 - EPollPoller.cc:32
2026/03/07 12:04:246177 DEBUG timeout! - EPollPoller.cc:49
2026/03/07 12:04:246286 INFO  fd total count:1 - EPollPoller.cc:32
2026/03/07 12:04:247699 DEBUG timeout! - EPollPoller.cc:49
2026/03/07 12:04:247820 INFO  fd total count:2 - EPollPoller.cc:32
2026/03/07 12:04:276996 DEBUG timeout! - EPollPoller.cc:49
2026/03/07 12:04:277137 INFO  fd total count:1 - EPollPoller.cc:32
2026/03/07 12:04:927848 DEBUG timeout! - EPollPoller.cc:49
2026/03/07 12:04:927937 INFO  fd total count:1 - EPollPoller.cc:32
2026/03/07 12:04:253397 DEBUG timeout! - EPollPoller.cc:49
2026/03/07 12:04:253494 INFO  fd total count:1 - EPollPoller.cc:32
2026/03/07 12:04:256628 DEBUG timeout! - EPollPoller.cc:49
2026/03/07 12:04:256676 INFO  fd total count:2 - EPollPoller.cc:32
2026/03/07 12:04:287082 DEBUG timeout! - EPollPoller.cc:49
2026/03/07 12:04:287160 INFO  fd total count:1 - EPollPoller.cc:32
2026/03/07 12:05:938278 DEBUG timeout! - EPollPoller.cc:49
2026/03/07 12:05:938386 INFO  fd total count:1 - EPollPoller.cc:32
2026/03/07 12:05:262008 DEBUG timeout! - EPollPoller.cc:49
2026/03/07 12:05:262107 INFO  fd total count:1 - EPollPoller.cc:32
2026/03/07 12:05:266593 DEBUG timeout! - EPollPoller.cc:49
2026/03/07 12:05:266666 INFO  fd total count:2 - EPollPoller.cc:32
2026/03/07 12:05:293818 DEBUG timeout! - EPollPoller.cc:49
2026/03/07 12:05:293929 INFO  fd total count:1 - EPollPoller.cc:32
2026/03/07 12:05:946296 DEBUG timeout! - EPollPoller.cc:49
2026/03/07 12:05:946400 INFO  fd total count:1 - EPollPoller.cc:32
2026/03/07 12:05:269871 DEBUG timeout! - EPollPoller.cc:49
2026/03/07 12:05:269982 INFO  fd total count:1 - EPollPoller.cc:32
2026/03/07 12:05:274036 DEBUG timeout! - EPollPoller.cc:49
2026/03/07 12:05:274290 INFO  fd total count:2 - EPollPoller.cc:32
2026/03/07 12:05:303256 DEBUG timeout! - EPollPoller.cc:49
2026/03/07 12:05:303400 INFO  fd total count:1 - EPollPoller.cc:32
2026/03/07 12:05:953840 DEBUG timeout! - EPollPoller.cc:49
2026/03/07 12:05:953961 INFO  fd total count:1 - EPollPoller.cc:32
2026/03/07 12:05:278995 DEBUG timeout! - EPollPoller.cc:49
2026/03/07 12:05:279100 INFO  fd total count:1 - EPollPoller.cc:32
2026/03/07 12:05:284623 DEBUG timeout! - EPollPoller.cc:49
2026/03/07 12:05:284699 INFO  fd total count:2 - EPollPoller.cc:32
2026/03/07 12:05:311940 DEBUG timeout! - EPollPoller.cc:49
2026/03/07 12:05:312017 INFO  fd total count:1 - EPollPoller.cc:32
