2026/03/07 12:35:482500 DEBUG EventLoop createdtruein thread9509 - EventLoop.cc:53
2026/03/07 12:35:482733 INFO  func =>fd5events=3index=-1 - EPollPoller.cc:66
2026/03/07 12:35:498960 DEBUG EventLoop createdtruein thread9513 - EventLoop.cc:53
2026/03/07 12:35:499007 INFO  func =>fd8events=3index=-1 - EPollPoller.cc:66
2026/03/07 12:35:499290 INFO  EventLoop start looping - EventLoop.cc:82
2026/03/07 12:35:499323 INFO  fd total count:1 - EPollPoller.cc:32
2026/03/07 12:35:499550 DEBUG EventLoop createdtruein thread9514 - EventLoop.cc:53
2026/03/07 12:35:499564 INFO  func =>fd10events=3index=-1 - EPollPoller.cc:66
2026/03/07 12:35:499668 INFO  EventLoop start looping - EventLoop.cc:82
2026/03/07 12:35:499680 INFO  fd total count:1 - EPollPoller.cc:32
2026/03/07 12:35:499927 DEBUG EventLoop createdtruein thread9515 - EventLoop.cc:53
2026/03/07 12:35:499942 INFO  func =>fd12events=3index=-1 - EPollPoller.cc:66
2026/03/07 12:35:500037 INFO  func =>fd6events=3index=-1 - EPollPoller.cc:66
2026/03/07 12:35:500255 INFO  EventLoop start looping - EventLoop.cc:82
2026/03/07 12:35:500266 INFO  fd total count:2 - EPollPoller.cc:32
2026/03/07 12:35:500280 INFO  EventLoop start looping - EventLoop.cc:82
2026/03/07 12:35:500286 INFO  fd total count:1 - EPollPoller.cc:32
2026/03/07 12:35:181809 INFO  events happend1 - EPollPoller.cc:40
2026/03/07 12:35:181910 INFO  channel handleEvent revents:1 - Channel.cc:73
2026/03/07 12:35:182042 INFO  TcpServer::newConnection [HttpServer]- new connection [HttpServer-127.0.0.1:8080#1]from 127.0.0.1:34520 - TcpServer.cc:215
2026/03/07 12:35:182183 INFO  TcpConnection::ctor:[HttpServer-127.0.0.1:8080#1]at fd=13 - TcpConnection.cc:52
2026/03/07 12:35:182412 INFO  fd total count:2 - EPollPoller.cc:32
2026/03/07 12:35:182432 INFO  events happend1 - EPollPoller.cc:40
2026/03/07 12:35:182440 INFO  channel handleEvent revents:1 - Channel.cc:73
2026/03/07 12:35:182503 INFO  func =>fd13events=3index=-1 - EPollPoller.cc:66
2026/03/07 12:35:182554 INFO  New HTTP connection from 127.0.0.1:34520 - HttpServer.cc:38
2026/03/07 12:35:182664 INFO  fd total count:2 - EPollPoller.cc:32
2026/03/07 12:35:654233 INFO  events happend1 - EPollPoller.cc:40
2026/03/07 12:35:654338 INFO  channel handleEvent revents:1 - Channel.cc:73
2026/03/07 12:35:656737 INFO  fd total count:2 - EPollPoller.cc:32
2026/03/07 12:35:927085 INFO  events happend1 - EPollPoller.cc:40
2026/03/07 12:35:927135 INFO  channel handleEvent revents:1 - Channel.cc:73
2026/03/07 12:35:928018 INFO  fd total count:2 - EPollPoller.cc:32
2026/03/07 12:35:928854 INFO  events happend1 - EPollPoller.cc:40
2026/03/07 12:35:928878 INFO  channel handleEvent revents:1 - Channel.cc:73
2026/03/07 12:35:929454 INFO  fd total count:2 - EPollPoller.cc:32
2026/03/07 12:35:510259 DEBUG timeout! - EPollPoller.cc:49
2026/03/07 12:35:510339 INFO  fd total count:1 - EPollPoller.cc:32
2026/03/07 12:35:510378 DEBUG timeout! - EPollPoller.cc:49
2026/03/07 12:35:510393 INFO  fd total count:1 - EPollPoller.cc:32
2026/03/07 12:35:189914 DEBUG timeout! - EPollPoller.cc:49
2026/03/07 12:35:190097 INFO  fd total count:2 - EPollPoller.cc:32
2026/03/07 12:35:939273 DEBUG timeout! - EPollPoller.cc:49
2026/03/07 12:35:939327 INFO  fd total count:2 - EPollPoller.cc:32
2026/03/07 12:35:521186 DEBUG timeout! - EPollPoller.cc:49
2026/03/07 12:35:521260 INFO  fd total count:1 - EPollPoller.cc:32
2026/03/07 12:35:521244 DEBUG timeout! - EPollPoller.cc:49
2026/03/07 12:35:521275 INFO  fd total count:1 - EPollPoller.cc:32
2026/03/07 12:35:198013 DEBUG timeout! - EPollPoller.cc:49
2026/03/07 12:35:198093 INFO  fd total count:2 - EPollPoller.cc:32
2026/03/07 12:35:945982 DEBUG timeout! - EPollPoller.cc:49
2026/03/07 12:35:946073 INFO  fd total count:2 - EPollPoller.cc:32
2026/03/07 12:35:529780 DEBUG timeout! - EPollPoller.cc:49
2026/03/07 12:35:529871 INFO  fd total count:1 - EPollPoller.cc:32
2026/03/07 12:35:531096 DEBUG timeout! - EPollPoller.cc:49
2026/03/07 12:35:531154 INFO  fd total count:1 - EPollPoller.cc:32
2026/03/07 12:35:206162 DEBUG timeout! - EPollPoller.cc:49
2026/03/07 12:35:206208 INFO  fd total count:2 - EPollPoller.cc:32
2026/03/07 12:35:956814 DEBUG timeout! - EPollPoller.cc:49
2026/03/07 12:35:956899 INFO  fd total count:2 - EPollPoller.cc:32
2026/03/07 12:35:538838 DEBUG timeout! - EPollPoller.cc:49
2026/03/07 12:35:538888 INFO  fd total count:1 - EPollPoller.cc:32
2026/03/07 12:35:539602 DEBUG timeout! - EPollPoller.cc:49
2026/03/07 12:35:539625 INFO  fd total count:1 - EPollPoller.cc:32
2026/03/07 12:35:378316 INFO  events happend1 - EPollPoller.cc:40
2026/03/07 12:35:378400 INFO  channel handleEvent revents:1 - Channel.cc:73
2026/03/07 12:35:378600 INFO  fd total count:2 - EPollPoller.cc:32
2026/03/07 12:35:216348 DEBUG timeout! - EPollPoller.cc:49
2026/03/07 12:35:216431 INFO  fd total count:2 - EPollPoller.cc:32
2026/03/07 12:35:907895 INFO  events happend1 - EPollPoller.cc:40
2026/03/07 12:35:907934 INFO  channel handleEvent revents:1 - Channel.cc:73
2026/03/07 12:35:908077 INFO  fd total count:2 - EPollPoller.cc:32
2026/03/07 12:35:548351 DEBUG timeout! - EPollPoller.cc:49
2026/03/07 12:35:548406 INFO  fd total count:1 - EPollPoller.cc:32
2026/03/07 12:35:552668 DEBUG timeout! - EPollPoller.cc:49
2026/03/07 12:35:552702 INFO  fd total count:1 - EPollPoller.cc:32
2026/03/07 12:35:225791 DEBUG timeout! - EPollPoller.cc:49
2026/03/07 12:35:225872 INFO  fd total count:2 - EPollPoller.cc:32
2026/03/07 12:35:918152 DEBUG timeout! - EPollPoller.cc:49
2026/03/07 12:35:918245 INFO  fd total count:2 - EPollPoller.cc:32
2026/03/07 12:36:553022 DEBUG timeout! - EPollPoller.cc:49
2026/03/07 12:36:553107 INFO  fd total count:1 - EPollPoller.cc:32
2026/03/07 12:36:564557 DEBUG timeout! - EPollPoller.cc:49
2026/03/07 12:36:564635 INFO  fd total count:1 - EPollPoller.cc:32
2026/03/07 12:36:233927 DEBUG timeout! - EPollPoller.cc:49
2026/03/07 12:36:234055 INFO  fd total count:2 - EPollPoller.cc:32
2026/03/07 12:36:928532 DEBUG timeout! - EPollPoller.cc:49
2026/03/07 12:36:928647 INFO  fd total count:2 - EPollPoller.cc:32
2026/03/07 12:36:562494 DEBUG timeout! - EPollPoller.cc:49
2026/03/07 12:36:562558 INFO  fd total count:1 - EPollPoller.cc:32
2026/03/07 12:36:574043 DEBUG timeout! - EPollPoller.cc:49
2026/03/07 12:36:574132 INFO  fd total count:1 - EPollPoller.cc:32
2026/03/07 12:36:241977 DEBUG timeout! - EPollPoller.cc:49
2026/03/07 12:36:242059 INFO  fd total count:2 - EPollPoller.cc:32
2026/03/07 12:36:939785 DEBUG timeout! - EPollPoller.cc:49
2026/03/07 12:36:939893 INFO  fd total count:2 - EPollPoller.cc:32
2026/03/07 12:36:566008 DEBUG timeout! - EPollPoller.cc:49
2026/03/07 12:36:566075 INFO  fd total count:1 - EPollPoller.cc:32
2026/03/07 12:36:579209 DEBUG timeout! - EPollPoller.cc:49
2026/03/07 12:36:579313 INFO  fd total count:1 - EPollPoller.cc:32
2026/03/07 12:36:257413 DEBUG timeout! - EPollPoller.cc:49
2026/03/07 12:36:257510 INFO  fd total count:2 - EPollPoller.cc:32
2026/03/07 12:36:946382 DEBUG timeout! - EPollPoller.cc:49
2026/03/07 12:36:946525 INFO  fd total count:2 - EPollPoller.cc:32
2026/03/07 12:36:576850 DEBUG timeout! - EPollPoller.cc:49
2026/03/07 12:36:576915 INFO  fd total count:1 - EPollPoller.cc:32
2026/03/07 12:36:591642 DEBUG timeout! - EPollPoller.cc:49
2026/03/07 12:36:591721 INFO  fd total count:1 - EPollPoller.cc:32
2026/03/07 12:36:270297 DEBUG timeout! - EPollPoller.cc:49
2026/03/07 12:36:270384 INFO  fd total count:2 - EPollPoller.cc:32
2026/03/07 12:36:952793 DEBUG timeout! - EPollPoller.cc:49
2026/03/07 12:36:952882 INFO  fd total count:2 - EPollPoller.cc:32
2026/03/07 12:36:587247 DEBUG timeout! - EPollPoller.cc:49
2026/03/07 12:36:587342 INFO  fd total count:1 - EPollPoller.cc:32
2026/03/07 12:36:601397 DEBUG timeout! - EPollPoller.cc:49
2026/03/07 12:36:601484 INFO  fd total count:1 - EPollPoller.cc:32
2026/03/07 12:36:271636 DEBUG timeout! - EPollPoller.cc:49
2026/03/07 12:36:271746 INFO  fd total count:2 - EPollPoller.cc:32
2026/03/07 12:36:962095 DEBUG timeout! - EPollPoller.cc:49
2026/03/07 12:36:962189 INFO  fd total count:2 - EPollPoller.cc:32
2026/03/07 12:36:598203 DEBUG timeout! - EPollPoller.cc:49
2026/03/07 12:36:598267 INFO  fd total count:1 - EPollPoller.cc:32
2026/03/07 12:36:605370 DEBUG timeout! - EPollPoller.cc:49
2026/03/07 12:36:605422 INFO  fd total count:1 - EPollPoller.cc:32
2026/03/07 12:36:282269 DEBUG timeout! - EPollPoller.cc:49
2026/03/07 12:36:282338 INFO  fd total count:2 - EPollPoller.cc:32
2026/03/07 12:36:973236 DEBUG timeout! - EPollPoller.cc:49
2026/03/07 12:36:973361 INFO  fd total count:2 - EPollPoller.cc:32
2026/03/07 12:37:608836 DEBUG timeout! - EPollPoller.cc:49
2026/03/07 12:37:608927 INFO  fd total count:1 - EPollPoller.cc:32
2026/03/07 12:37:610379 DEBUG timeout! - EPollPoller.cc:49
2026/03/07 12:37:610424 INFO  fd total count:1 - EPollPoller.cc:32
2026/03/07 12:37:292814 DEBUG timeout! - EPollPoller.cc:49
2026/03/07 12:37:292932 INFO  fd total count:2 - EPollPoller.cc:32
2026/03/07 12:37:983951 DEBUG timeout! - EPollPoller.cc:49
2026/03/07 12:37:984024 INFO  fd total count:2 - EPollPoller.cc:32
2026/03/07 12:37:618716 DEBUG timeout! - EPollPoller.cc:49
2026/03/07 12:37:618757 DEBUG timeout! - EPollPoller.cc:49
2026/03/07 12:37:618842 INFO  fd total count:1 - EPollPoller.cc:32
2026/03/07 12:37:618918 INFO  fd total count:1 - EPollPoller.cc:32
2026/03/07 12:37:303446 DEBUG timeout! - EPollPoller.cc:49
2026/03/07 12:37:303528 INFO  fd total count:2 - EPollPoller.cc:32
2026/03/07 12:37:990551 DEBUG timeout! - EPollPoller.cc:49
2026/03/07 12:37:990649 INFO  fd total count:2 - EPollPoller.cc:32
2026/03/07 12:37:626357 DEBUG timeout! - EPollPoller.cc:49
2026/03/07 12:37:626467 INFO  fd total count:1 - EPollPoller.cc:32
2026/03/07 12:37:627700 DEBUG timeout! - EPollPoller.cc:49
2026/03/07 12:37:627753 INFO  fd total count:1 - EPollPoller.cc:32
2026/03/07 12:37:315519 DEBUG timeout! - EPollPoller.cc:49
2026/03/07 12:37:315607 INFO  fd total count:2 - EPollPoller.cc:32
2026/03/07 12:37:994637 DEBUG timeout! - EPollPoller.cc:49
2026/03/07 12:37:994704 INFO  fd total count:2 - EPollPoller.cc:32
2026/03/07 12:37:638063 DEBUG timeout! - EPollPoller.cc:49
2026/03/07 12:37:638144 INFO  fd total count:1 - EPollPoller.cc:32
2026/03/07 12:37:638152 DEBUG timeout! - EPollPoller.cc:49
2026/03/07 12:37:638199 INFO  fd total count:1 - EPollPoller.cc:32
2026/03/07 12:37:326755 DEBUG timeout! - EPollPoller.cc:49
2026/03/07 12:37:326824 INFO  fd total count:2 - EPollPoller.cc:32
2026/03/07 12:37:998953 DEBUG timeout! - EPollPoller.cc:49
2026/03/07 12:37:999011 INFO  fd total count:2 - EPollPoller.cc:32
2026/03/07 12:37:909173 INFO  events happend1 - EPollPoller.cc:40
2026/03/07 12:37:909251 INFO  channel handleEvent revents:1 - Channel.cc:73
2026/03/07 12:37:909307 INFO  TcpConnection::handleClose fd=13state=2 - TcpConnection.cc:249
2026/03/07 12:37:909332 INFO  func =>fd13events=0index=1 - EPollPoller.cc:66
2026/03/07 12:37:909368 INFO  Connection closed 127.0.0.1:34520 - HttpServer.cc:42
2026/03/07 12:37:909584 INFO  fd total count:2 - EPollPoller.cc:32
2026/03/07 12:37:909694 INFO  events happend1 - EPollPoller.cc:40
2026/03/07 12:37:909721 INFO  channel handleEvent revents:1 - Channel.cc:73
2026/03/07 12:37:909769 INFO  TcpServer::removeConnectionInLoop [HttpServer] - connection %sHttpServer-127.0.0.1:8080#1 - TcpServer.cc:261
2026/03/07 12:37:909960 INFO  fd total count:2 - EPollPoller.cc:32
2026/03/07 12:37:910107 INFO  events happend1 - EPollPoller.cc:40
2026/03/07 12:37:910127 INFO  channel handleEvent revents:1 - Channel.cc:73
2026/03/07 12:37:910222 INFO  removeChannel fd=13 - EPollPoller.cc:103
2026/03/07 12:37:910244 INFO  TcpConnection::dtor[HttpServer-127.0.0.1:8080#1]at fd=13state=0 - TcpConnection.cc:58
2026/03/07 12:37:910581 INFO  fd total count:1 - EPollPoller.cc:32
2026/03/07 12:37:647590 DEBUG timeout! - EPollPoller.cc:49
2026/03/07 12:37:647916 INFO  fd total count:1 - EPollPoller.cc:32
2026/03/07 12:37:649355 DEBUG timeout! - EPollPoller.cc:49
2026/03/07 12:37:649451 INFO  fd total count:1 - EPollPoller.cc:32
2026/03/07 12:37:911606 DEBUG timeout! - EPollPoller.cc:49
2026/03/07 12:37:911692 INFO  fd total count:1 - EPollPoller.cc:32
2026/03/07 12:37:920192 DEBUG timeout! - EPollPoller.cc:49
2026/03/07 12:37:920327 INFO  fd total count:2 - EPollPoller.cc:32
2026/03/07 12:37:658221 DEBUG timeout! - EPollPoller.cc:49
2026/03/07 12:37:658301 INFO  fd total count:1 - EPollPoller.cc:32
2026/03/07 12:37:659844 DEBUG timeout! - EPollPoller.cc:49
2026/03/07 12:37:659911 INFO  fd total count:1 - EPollPoller.cc:32
2026/03/07 12:38:922234 DEBUG timeout! - EPollPoller.cc:49
2026/03/07 12:38:922349 INFO  fd total count:1 - EPollPoller.cc:32
2026/03/07 12:38:930588 DEBUG timeout! - EPollPoller.cc:49
2026/03/07 12:38:930654 INFO  fd total count:2 - EPollPoller.cc:32
2026/03/07 12:38:660773 DEBUG timeout! - EPollPoller.cc:49
2026/03/07 12:38:660821 INFO  fd total count:1 - EPollPoller.cc:32
2026/03/07 12:38:664652 DEBUG timeout! - EPollPoller.cc:49
2026/03/07 12:38:664690 INFO  fd total count:1 - EPollPoller.cc:32
2026/03/07 12:38:930981 DEBUG timeout! - EPollPoller.cc:49
2026/03/07 12:38:931077 INFO  fd total count:1 - EPollPoller.cc:32
2026/03/07 12:38:938874 DEBUG timeout! - EPollPoller.cc:49
2026/03/07 12:38:938963 INFO  fd total count:2 - EPollPoller.cc:32
2026/03/07 12:38:671237 DEBUG timeout! - EPollPoller.cc:49
2026/03/07 12:38:671287 INFO  fd total count:1 - EPollPoller.cc:32
2026/03/07 12:38:673740 DEBUG timeout! - EPollPoller.cc:49
2026/03/07 12:38:673777 INFO  fd total count:1 - EPollPoller.cc:32
2026/03/07 12:38:941517 DEBUG timeout! - EPollPoller.cc:49
2026/03/07 12:38:941587 INFO  fd total count:1 - EPollPoller.cc:32
2026/03/07 12:38:944889 DEBUG timeout! - EPollPoller.cc:49
2026/03/07 12:38:944940 INFO  fd total count:2 - EPollPoller.cc:32
2026/03/07 12:38:678298 DEBUG timeout! - EPollPoller.cc:49
2026/03/07 12:38:678379 INFO  fd total count:1 - EPollPoller.cc:32
2026/03/07 12:38:682871 DEBUG timeout! - EPollPoller.cc:49
2026/03/07 12:38:682913 INFO  fd total count:1 - EPollPoller.cc:32
2026/03/07 12:38:950345 DEBUG timeout! - EPollPoller.cc:49
2026/03/07 12:38:950426 INFO  fd total count:1 - EPollPoller.cc:32
2026/03/07 12:38:954552 DEBUG timeout! - EPollPoller.cc:49
2026/03/07 12:38:954599 INFO  fd total count:2 - EPollPoller.cc:32
2026/03/07 12:38:686118 DEBUG timeout! - EPollPoller.cc:49
2026/03/07 12:38:686178 INFO  fd total count:1 - EPollPoller.cc:32
2026/03/07 12:38:690310 DEBUG timeout! - EPollPoller.cc:49
2026/03/07 12:38:690379 INFO  fd total count:1 - EPollPoller.cc:32
2026/03/07 12:38:960072 DEBUG timeout! - EPollPoller.cc:49
2026/03/07 12:38:960190 INFO  fd total count:1 - EPollPoller.cc:32
2026/03/07 12:38:962802 DEBUG timeout! - EPollPoller.cc:49
2026/03/07 12:38:962880 INFO  fd total count:2 - EPollPoller.cc:32
2026/03/07 12:38:693930 DEBUG timeout! - EPollPoller.cc:49
2026/03/07 12:38:694023 INFO  fd total count:1 - EPollPoller.cc:32
2026/03/07 12:38:695827 DEBUG timeout! - EPollPoller.cc:49
2026/03/07 12:38:695911 INFO  fd total count:1 - EPollPoller.cc:32
2026/03/07 12:38:970733 DEBUG timeout! - EPollPoller.cc:49
2026/03/07 12:38:970823 INFO  fd total count:1 - EPollPoller.cc:32
2026/03/07 12:38:974674 DEBUG timeout! - EPollPoller.cc:49
2026/03/07 12:38:974805 INFO  fd total count:2 - EPollPoller.cc:32
2026/03/07 12:38:705374 DEBUG timeout! - EPollPoller.cc:49
2026/03/07 12:38:705426 INFO  fd total count:1 - EPollPoller.cc:32
2026/03/07 12:38:706886 DEBUG timeout! - EPollPoller.cc:49
2026/03/07 12:38:706933 INFO  fd total count:1 - EPollPoller.cc:32
2026/03/07 12:39:978826 DEBUG timeout! - EPollPoller.cc:49
2026/03/07 12:39:978917 INFO  fd total count:1 - EPollPoller.cc:32
2026/03/07 12:39:981968 DEBUG timeout! - EPollPoller.cc:49
2026/03/07 12:39:982013 INFO  fd total count:2 - EPollPoller.cc:32
2026/03/07 12:39:714160 DEBUG timeout! - EPollPoller.cc:49
2026/03/07 12:39:714242 INFO  fd total count:1 - EPollPoller.cc:32
2026/03/07 12:39:717081 DEBUG timeout! - EPollPoller.cc:49
2026/03/07 12:39:717112 INFO  fd total count:1 - EPollPoller.cc:32
2026/03/07 12:39:988085 DEBUG timeout! - EPollPoller.cc:49
2026/03/07 12:39:988156 INFO  fd total count:1 - EPollPoller.cc:32
2026/03/07 12:39:990190 DEBUG timeout! - EPollPoller.cc:49
2026/03/07 12:39:990224 INFO  fd total count:2 - EPollPoller.cc:32
2026/03/07 12:39:725049 DEBUG timeout! - EPollPoller.cc:49
2026/03/07 12:39:725143 INFO  fd total count:1 - EPollPoller.cc:32
2026/03/07 12:39:728154 DEBUG timeout! - EPollPoller.cc:49
2026/03/07 12:39:728195 INFO  fd total count:1 - EPollPoller.cc:32
2026/03/07 12:39:996225 DEBUG timeout! - EPollPoller.cc:49
2026/03/07 12:39:996279 INFO  fd total count:1 - EPollPoller.cc:32
2026/03/07 12:39:996294 DEBUG timeout! - EPollPoller.cc:49
2026/03/07 12:39:996297 INFO  fd total count:2 - EPollPoller.cc:32
2026/03/07 12:39:726049 DEBUG timeout! - EPollPoller.cc:49
2026/03/07 12:39:726124 INFO  fd total count:1 - EPollPoller.cc:32
2026/03/07 12:39:738327 DEBUG timeout! - EPollPoller.cc:49
2026/03/07 12:39:738415 INFO  fd total count:1 - EPollPoller.cc:32
2026/03/07 12:39:006270 DEBUG timeout! - EPollPoller.cc:49
2026/03/07 12:39:006364 INFO  fd total count:1 - EPollPoller.cc:32
2026/03/07 12:39:006314 DEBUG timeout! - EPollPoller.cc:49
2026/03/07 12:39:006400 INFO  fd total count:2 - EPollPoller.cc:32
2026/03/07 12:39:736753 DEBUG timeout! - EPollPoller.cc:49
2026/03/07 12:39:736822 INFO  fd total count:1 - EPollPoller.cc:32
2026/03/07 12:39:748872 DEBUG timeout! - EPollPoller.cc:49
2026/03/07 12:39:748924 INFO  fd total count:1 - EPollPoller.cc:32
2026/03/07 12:39:016815 DEBUG timeout! - EPollPoller.cc:49
2026/03/07 12:39:016818 DEBUG timeout! - EPollPoller.cc:49
2026/03/07 12:39:016893 INFO  fd total count:2 - EPollPoller.cc:32
2026/03/07 12:39:016949 INFO  fd total count:1 - EPollPoller.cc:32
2026/03/07 12:39:747263 DEBUG timeout! - EPollPoller.cc:49
2026/03/07 12:39:747345 INFO  fd total count:1 - EPollPoller.cc:32
2026/03/07 12:39:753696 DEBUG timeout! - EPollPoller.cc:49
2026/03/07 12:39:753754 INFO  fd total count:1 - EPollPoller.cc:32
2026/03/07 12:39:026282 DEBUG timeout! - EPollPoller.cc:49
2026/03/07 12:39:026359 INFO  fd total count:2 - EPollPoller.cc:32
2026/03/07 12:39:026291 DEBUG timeout! - EPollPoller.cc:49
2026/03/07 12:39:026385 INFO  fd total count:1 - EPollPoller.cc:32
2026/03/07 12:39:757487 DEBUG timeout! - EPollPoller.cc:49
2026/03/07 12:39:757580 INFO  fd total count:1 - EPollPoller.cc:32
2026/03/07 12:39:762160 DEBUG timeout! - EPollPoller.cc:49
2026/03/07 12:39:762223 INFO  fd total count:1 - EPollPoller.cc:32
